2025-10-19 19:16:43,242 - INFO - Math female students: 208
2025-10-19 19:16:43,242 - INFO - Portuguese female students: 383
2025-10-19 19:16:43,252 - INFO - Educational equity features engineered successfully
2025-10-19 19:16:43,256 - INFO - Educational equity features engineered successfully
2025-10-19 19:16:43,271 - INFO - Selected 25 features for modeling
2025-10-19 19:16:43,282 - INFO - Preprocessing pipeline completed successfully
2025-10-19 19:16:43,284 - INFO - Running Random Forest experiment...
2025-10-19 19:17:33,259 - INFO - Random Forest completed with F1: 0.9305
2025-10-19 19:17:33,260 - INFO - Running Gradient Boosting experiment...
2025-10-19 19:18:01,219 - INFO - Gradient Boosting completed with F1: 0.9468
2025-10-19 19:18:01,220 - INFO - Running Logistic Regression experiment...
2025-10-19 19:18:01,993 - INFO - Logistic Regression completed with F1: 0.9011
2025-10-19 19:18:01,993 - INFO - Running SVM experiment...
2025-10-19 19:18:11,122 - INFO - SVM completed with F1: 0.9271
2025-10-19 19:18:11,489 - INFO - Training Sequential_Base...
2025-10-19 19:18:20,627 - INFO - Sequential_Base completed with F1: 0.9149
2025-10-19 19:18:20,627 - INFO - Training Sequential_Tuned...
2025-10-19 19:18:33,103 - INFO - Sequential_Tuned completed with F1: 0.9271
2025-10-19 19:18:33,103 - INFO - Training Functional_Residual...
2025-10-19 19:18:39,883 - WARNING - 5 out of the last 13 calls to <function TensorFlowTrainer.make_predict_function.<locals>.one_step_on_data_distributed at 0x7f75bc13aac0> triggered tf.function retracing. Tracing is expensive and the excessive number of tracings could be due to (1) creating @tf.function repeatedly in a loop, (2) passing tensors with different shapes, (3) passing Python objects instead of tensors. For (1), please define your @tf.function outside of the loop. For (2), @tf.function has reduce_retracing=True option that can avoid unnecessary retracing. For (3), please refer to https://www.tensorflow.org/guide/function#controlling_retracing and https://www.tensorflow.org/api_docs/python/tf/function for  more details.
2025-10-19 19:18:39,991 - INFO - Functional_Residual completed with F1: 0.9000
2025-10-19 19:18:39,991 - INFO - Training Deep_Wide...
2025-10-19 19:18:47,622 - WARNING - 5 out of the last 13 calls to <function TensorFlowTrainer.make_predict_function.<locals>.one_step_on_data_distributed at 0x7f756c20ad40> triggered tf.function retracing. Tracing is expensive and the excessive number of tracings could be due to (1) creating @tf.function repeatedly in a loop, (2) passing tensors with different shapes, (3) passing Python objects instead of tensors. For (1), please define your @tf.function outside of the loop. For (2), @tf.function has reduce_retracing=True option that can avoid unnecessary retracing. For (3), please refer to https://www.tensorflow.org/guide/function#controlling_retracing and https://www.tensorflow.org/api_docs/python/tf/function for  more details.
2025-10-19 19:18:47,721 - INFO - Deep_Wide completed with F1: 0.9149
2025-10-19 19:18:47,730 - INFO - Logged experiment: Random Forest
2025-10-19 19:18:47,731 - INFO - Logged experiment: Gradient Boosting
2025-10-19 19:18:47,731 - INFO - Logged experiment: Logistic Regression
2025-10-19 19:18:47,731 - INFO - Logged experiment: SVM
2025-10-19 19:18:47,731 - INFO - Logged experiment: Sequential_Base
2025-10-19 19:18:47,731 - INFO - Logged experiment: Sequential_Tuned
2025-10-19 19:18:47,731 - INFO - Logged experiment: Functional_Residual
2025-10-19 19:18:47,731 - INFO - Logged experiment: Deep_Wide
2025-10-19 19:18:47,738 - INFO - Experiments saved to experiment_results.json
2025-10-19 19:39:16,614 - INFO - Math female students: 208
2025-10-19 19:39:16,614 - INFO - Portuguese female students: 383
2025-10-19 19:39:16,626 - INFO - Educational equity features engineered successfully
2025-10-19 19:39:16,630 - INFO - Educational equity features engineered successfully
2025-10-19 19:39:16,648 - INFO - Selected 25 features for modeling
2025-10-19 19:39:16,669 - INFO - Preprocessing pipeline completed successfully
2025-10-19 19:39:16,671 - INFO - Running Random Forest experiment...
2025-10-19 19:40:08,948 - INFO - Random Forest completed with F1: 0.9305
2025-10-19 19:40:08,948 - INFO - Running Gradient Boosting experiment...
2025-10-19 19:40:37,986 - INFO - Gradient Boosting completed with F1: 0.9468
2025-10-19 19:40:37,986 - INFO - Running Logistic Regression experiment...
2025-10-19 19:40:38,878 - INFO - Logistic Regression completed with F1: 0.9011
2025-10-19 19:40:38,878 - INFO - Running SVM experiment...
2025-10-19 19:40:48,389 - INFO - SVM completed with F1: 0.9271
2025-10-19 19:40:48,632 - INFO - Training Sequential_Base...
2025-10-19 19:40:58,632 - INFO - Sequential_Base completed with F1: 0.8925
2025-10-19 19:40:58,632 - INFO - Training Sequential_Tuned...
2025-10-19 19:41:11,072 - INFO - Sequential_Tuned completed with F1: 0.9271
2025-10-19 19:41:11,072 - INFO - Training Functional_Residual...
2025-10-19 19:46:03,097 - INFO - Math female students: 208
2025-10-19 19:46:03,097 - INFO - Portuguese female students: 383
2025-10-19 19:46:03,107 - INFO - Educational equity features engineered successfully
2025-10-19 19:46:03,111 - INFO - Educational equity features engineered successfully
2025-10-19 19:46:03,129 - INFO - Selected 25 features for modeling
2025-10-19 19:46:03,559 - INFO - Preprocessing pipeline completed successfully
2025-10-19 19:46:03,562 - INFO - Running Random Forest experiment...
2025-10-19 19:46:53,370 - INFO - Random Forest completed with F1: 0.9305
2025-10-19 19:46:53,377 - INFO - Running Gradient Boosting experiment...
2025-10-19 19:47:22,183 - INFO - Gradient Boosting completed with F1: 0.9468
2025-10-19 19:47:22,183 - INFO - Running Logistic Regression experiment...
2025-10-19 19:47:23,021 - INFO - Logistic Regression completed with F1: 0.9011
2025-10-19 19:47:23,021 - INFO - Running SVM experiment...
2025-10-19 19:47:31,820 - INFO - SVM completed with F1: 0.9271
2025-10-19 19:47:32,020 - INFO - Training Sequential_Base...
2025-10-19 19:47:42,254 - WARNING - 5 out of the last 13 calls to <function TensorFlowTrainer.make_predict_function.<locals>.one_step_on_data_distributed at 0x7f49447b7380> triggered tf.function retracing. Tracing is expensive and the excessive number of tracings could be due to (1) creating @tf.function repeatedly in a loop, (2) passing tensors with different shapes, (3) passing Python objects instead of tensors. For (1), please define your @tf.function outside of the loop. For (2), @tf.function has reduce_retracing=True option that can avoid unnecessary retracing. For (3), please refer to https://www.tensorflow.org/guide/function#controlling_retracing and https://www.tensorflow.org/api_docs/python/tf/function for  more details.
2025-10-19 19:47:42,355 - INFO - Sequential_Base completed with F1: 0.9312
2025-10-19 19:47:42,356 - INFO - Training Sequential_Tuned...
2025-10-19 19:47:52,710 - WARNING - 5 out of the last 13 calls to <function TensorFlowTrainer.make_predict_function.<locals>.one_step_on_data_distributed at 0x7f49203274c0> triggered tf.function retracing. Tracing is expensive and the excessive number of tracings could be due to (1) creating @tf.function repeatedly in a loop, (2) passing tensors with different shapes, (3) passing Python objects instead of tensors. For (1), please define your @tf.function outside of the loop. For (2), @tf.function has reduce_retracing=True option that can avoid unnecessary retracing. For (3), please refer to https://www.tensorflow.org/guide/function#controlling_retracing and https://www.tensorflow.org/api_docs/python/tf/function for  more details.
2025-10-19 19:47:52,816 - INFO - Sequential_Tuned completed with F1: 0.9149
2025-10-19 19:47:52,816 - INFO - Training Functional_Residual...
2025-10-19 19:48:00,159 - INFO - Functional_Residual completed with F1: 0.9140
2025-10-19 19:48:00,159 - INFO - Training Deep_Wide...
2025-10-19 19:48:09,570 - INFO - Deep_Wide completed with F1: 0.9263
2025-10-19 19:48:09,580 - INFO - Logged experiment: Random Forest
2025-10-19 19:48:09,581 - INFO - Logged experiment: Gradient Boosting
2025-10-19 19:48:09,581 - INFO - Logged experiment: Logistic Regression
2025-10-19 19:48:09,581 - INFO - Logged experiment: SVM
2025-10-19 19:48:09,581 - INFO - Logged experiment: Sequential_Base
2025-10-19 19:48:09,581 - INFO - Logged experiment: Sequential_Tuned
2025-10-19 19:48:09,581 - INFO - Logged experiment: Functional_Residual
2025-10-19 19:48:09,581 - INFO - Logged experiment: Deep_Wide
2025-10-19 19:48:09,583 - INFO - Experiments saved to experiment_results.json
